#
# A fatal error has been detected by the Java Runtime Environment:
#
#  EXCEPTION_ACCESS_VIOLATION (0xc0000005) at pc=0x00007ff8565c6407, pid=12348, tid=22104
#
# JRE version: OpenJDK Runtime Environment (19.0.2+7) (build 19.0.2+7-44)
# Java VM: OpenJDK 64-Bit Server VM (19.0.2+7-44, mixed mode, sharing, tiered, compressed oops, compressed class ptrs, g1 gc, windows-amd64)
# Problematic frame:
# C  [glass.dll+0x26407]
#
# No core dump will be written. Minidumps are not enabled by default on client versions of Windows
#
# If you would like to submit a bug report, please visit:
#   https://bugreport.java.com/bugreport/crash.jsp
#

---------------  S U M M A R Y ------------

Command Line: -javaagent:D:\IntelliJ IDEA 2023.2.1\lib\idea_rt.jar=34479:D:\IntelliJ IDEA 2023.2.1\bin -Dfile.encoding=UTF-8 -Dsun.stdout.encoding=UTF-8 -Dsun.stderr.encoding=UTF-8 --module-path=C:\Users\Master\IdeaProjects\calorieCounter\target\classes;C:\Users\Master\.m2\repository\org\openjfx\javafx-controls\19.0.2\javafx-controls-19.0.2-win.jar;C:\Users\Master\.m2\repository\org\openjfx\javafx-fxml\19.0.2\javafx-fxml-19.0.2-win.jar;C:\Users\Master\.m2\repository\org\openjfx\javafx-base\19.0.2\javafx-base-19.0.2-win.jar;C:\Users\Master\.m2\repository\org\openjfx\javafx-graphics\19.0.2\javafx-graphics-19.0.2-win.jar -Djdk.module.main=com.example.caloriecounter com.example.caloriecounter/com.example.caloriecounter.HelloApplication

Host: 11th Gen Intel(R) Core(TM) i7-11800H @ 2.30GHz, 16 cores, 15G,  Windows 10 , 64 bit Build 19041 (10.0.19041.3393)
Time: Wed Sep 20 12:48:34 2023 RTZ 2 (s 10 , 64 bit Build 19041 (10.0.19041.3393) elapsed time: 181.467391 seconds (0d 0h 3m 1s)

---------------  T H R E A D  ---------------

Current thread (0x0000027d7fbc0650):  VMThread "VM Thread" [stack: 0x000000b996700000,0x000000b996800000] [id=22104]

Stack: [0x000000b996700000,0x000000b996800000],  sp=0x000000b9967fed00,  free space=1019k
Native frames: (J=compiled Java code, j=interpreted, Vv=VM code, C=native code)
C  [glass.dll+0x26407]


siginfo: EXCEPTION_ACCESS_VIOLATION (0xc0000005), reading address 0x0000000000000000


Registers:
RAX=0x0000000000000000, RBX=0x0000027d7fbcee78, RCX=0x0000027d7fbc0650, RDX=0x000000b9967fed00
RSP=0x000000b9967fed00, RBP=0x0000027d09066b38, RSI=0x0000027d09066b10, RDI=0x000045f4e953053e
R8 =0x0000000000010002, R9 =0x000045f4e953053e, R10=0x0000000000008000, R11=0x000000b9967fec90
R12=0x00007ff8565c3d40, R13=0x00007ff81a0872a0, R14=0x000000b9967fedf8, R15=0x0000027d09066b10
RIP=0x00007ff8565c6407, EFLAGS=0x0000000000010202


Register to memory mapping:

RIP=0x00007ff8565c6407 glass.dll
RAX=0x0 is NULL
RBX=0x0000027d7fbcee78 is a global jni handle
RCX=0x0000027d7fbc0650 points into unknown readable memory: 0x00007ff819e945b8 | b8 45 e9 19 f8 7f 00 00
RDX=0x000000b9967fed00 points into unknown readable memory: 0x0000000000000000 | 00 00 00 00 00 00 00 00
RSP=0x000000b9967fed00 points into unknown readable memory: 0x0000000000000000 | 00 00 00 00 00 00 00 00
RBP=0x0000027d09066b38 points into unknown readable memory: 0x000045f4e953053e | 3e 05 53 e9 f4 45 00 00
RSI=0x0000027d09066b10 points into unknown readable memory: 0x00005a0afcc40b28 | 28 0b c4 fc 0a 5a 00 00
RDI=0x000045f4e953053e is an unknown value
R8 =0x0000000000010002 is an unknown value
R9 =0x000045f4e953053e is an unknown value
R10=0x0000000000008000 is an unknown value
R11=0x000000b9967fec90 points into unknown readable memory: 0x0000027d09066b10 | 10 6b 06 09 7d 02 00 00
R12=0x00007ff8565c3d40 glass.dll
R13=0x00007ff81a0872a0 jvm.dll
R14=0x000000b9967fedf8 points into unknown readable memory: 0x000000b9967fede0 | e0 ed 7f 96 b9 00 00 00
R15=0x0000027d09066b10 points into unknown readable memory: 0x00005a0afcc40b28 | 28 0b c4 fc 0a 5a 00 00


Top of Stack: (sp=0x000000b9967fed00)
0x000000b9967fed00:   0000000000000000 0000027d09066b10
0x000000b9967fed10:   00007ff81a0872a0 00007ff8565c3d40
0x000000b9967fed20:   0000027d09066b18 00007ff88a0442d6
0x000000b9967fed30:   000045f4e953053e 0000027d00000000
0x000000b9967fed40:   0000027d09066b38 0000027d09066b10
0x000000b9967fed50:   fffffffffffffffe 0000000000000000
0x000000b9967fed60:   0000000000000001 00007ff8565a0000
0x000000b9967fed70:   000000b9967fede8 00007ff88a0441fb
0x000000b9967fed80:   0000000000000000 000000b9967fedf8
0x000000b9967fed90:   000000b9967ff0d0 00007ff88a120e40
0x000000b9967feda0:   0000000000000001 00007ff88a0441b4
0x000000b9967fedb0:   0000000000000000 0000000000000001
0x000000b9967fedc0:   00007ff800000001 000000b9967fede8
0x000000b9967fedd0:   0000000000000000 00007ff8565c3bcd
0x000000b9967fede0:   00007ff8565d9f88 00007ff800000002
0x000000b9967fedf0:   0000000000000002 000000b9967fede0 

Instructions: (pc=0x00007ff8565c6407)
0x00007ff8565c6307:   8b 4d 58 e8 7d cf ff ff 48 8b 4d 60 e8 74 cf ff
0x00007ff8565c6317:   ff 48 8b 95 80 00 00 00 48 8b 8d 18 01 00 00 e8
0x00007ff8565c6327:   66 c4 ff ff 33 d2 33 c9 e8 bc e1 ff ff 90 48 89
0x00007ff8565c6337:   54 24 10 55 48 83 ec 20 48 8b ea 48 b8 00 00 00
0x00007ff8565c6347:   00 00 00 00 00 48 83 c4 20 5d c3 cc 40 55 48 8b
0x00007ff8565c6357:   ea 48 8b 01 33 c9 81 38 05 00 00 c0 0f 94 c1 8b
0x00007ff8565c6367:   c1 5d c3 cc 40 55 48 83 ec 20 48 8b ea 8a 4d 40
0x00007ff8565c6377:   48 83 c4 20 5d e9 63 d3 ff ff cc 40 55 48 83 ec
0x00007ff8565c6387:   20 48 8b ea 8a 4d 20 e8 51 d3 ff ff 90 48 83 c4
0x00007ff8565c6397:   20 5d c3 cc 40 55 48 83 ec 20 48 8b ea 48 83 c4
0x00007ff8565c63a7:   20 5d e9 b2 d1 ff ff cc 40 55 48 83 ec 30 48 8b
0x00007ff8565c63b7:   ea 48 8b 01 8b 10 48 89 4c 24 28 89 54 24 20 4c
0x00007ff8565c63c7:   8d 0d 53 d6 ff ff 4c 8b 45 70 8b 55 68 48 8b 4d
0x00007ff8565c63d7:   60 e8 f3 d0 ff ff 90 48 83 c4 30 5d c3 cc cc cc
0x00007ff8565c63e7:   cc cc cc cc cc cc cc cc cc 40 53 48 83 ec 20 48
0x00007ff8565c63f7:   8b 1d 8b 35 01 00 48 85 db 74 16 e8 79 8b ff ff
0x00007ff8565c6407:   4c 8b 00 48 8b d3 48 8b c8 41 ff 90 b0 00 00 00
0x00007ff8565c6417:   90 48 83 c4 20 5b c3 cc cc 40 53 48 83 ec 20 48
0x00007ff8565c6427:   8b 1d fb 36 01 00 48 85 db 74 57 b8 ff ff ff ff
0x00007ff8565c6437:   f0 0f c1 43 10 83 f8 01 75 3d 48 85 db 74 38 48
0x00007ff8565c6447:   8b 0b 48 85 c9 74 0d ff 15 54 0e 00 00 48 c7 03
0x00007ff8565c6457:   00 00 00 00 48 8b 4b 08 48 85 c9 74 0d e8 23 ce
0x00007ff8565c6467:   ff ff 48 c7 43 08 00 00 00 00 ba 18 00 00 00 48
0x00007ff8565c6477:   8b cb e8 0e ce ff ff 48 c7 05 9f 36 01 00 00 00
0x00007ff8565c6487:   00 00 48 83 c4 20 5b c3 cc 40 53 48 83 ec 20 48
0x00007ff8565c6497:   8b 1d 6b 36 01 00 48 85 db 74 57 b8 ff ff ff ff
0x00007ff8565c64a7:   f0 0f c1 43 10 83 f8 01 75 3d 48 85 db 74 38 48
0x00007ff8565c64b7:   8b 0b 48 85 c9 74 0d ff 15 e4 0d 00 00 48 c7 03
0x00007ff8565c64c7:   00 00 00 00 48 8b 4b 08 48 85 c9 74 0d e8 b3 cd
0x00007ff8565c64d7:   ff ff 48 c7 43 08 00 00 00 00 ba 18 00 00 00 48
0x00007ff8565c64e7:   8b cb e8 9e cd ff ff 48 c7 05 0f 36 01 00 00 00
0x00007ff8565c64f7:   00 00 48 83 c4 20 5b c3 cc 40 53 48 83 ec 20 48 


Stack slot to memory mapping:
stack at sp + 0 slots: 0x0 is NULL
stack at sp + 1 slots: 0x0000027d09066b10 points into unknown readable memory: 0x00005a0afcc40b28 | 28 0b c4 fc 0a 5a 00 00
stack at sp + 2 slots: 0x00007ff81a0872a0 jvm.dll
stack at sp + 3 slots: 0x00007ff8565c3d40 glass.dll
stack at sp + 4 slots: 0x0000027d09066b18 points into unknown readable memory: 0x000045f4e953053e | 3e 05 53 e9 f4 45 00 00
stack at sp + 5 slots: 0x00007ff88a0442d6 ucrtbase.dll
stack at sp + 6 slots: 0x000045f4e953053e is an unknown value
stack at sp + 7 slots: 0x0000027d00000000 points into unknown readable memory: 0x0000000000000001 | 01 00 00 00 00 00 00 00

VM_Operation (0x000000b995efeff0): Exit, mode: safepoint, requested by thread 0x0000027d094e9c30


---------------  P R O C E S S  ---------------

Threads class SMR info:
_java_thread_list=0x0000027d09594db0, length=22, elements={
0x0000027d5fcbbef0, 0x0000027d7fbdb860, 0x0000027d7fbdc390, 0x0000027d7fbe0910,
0x0000027d7fbe3440, 0x0000027d7fbe4740, 0x0000027d7fbeef70, 0x0000027d7fbf05a0,
0x0000027d7fbf4090, 0x0000027d08120060, 0x0000027d081e3f40, 0x0000027d081e49e0,
0x0000027d081e4490, 0x0000027d081e4f30, 0x0000027d081e5f20, 0x0000027d081e59d0,
0x0000027d081e2f50, 0x0000027d081e39f0, 0x0000027d081e34a0, 0x0000027d094e96e0,
0x0000027d094e8c40, 0x0000027d094e9c30
}

Java Threads: ( => current thread )
  0x0000027d5fcbbef0 JavaThread "main" [_thread_blocked, id=7520, stack(0x000000b996100000,0x000000b996200000)]
  0x0000027d7fbdb860 JavaThread "Reference Handler" daemon [_thread_blocked, id=2036, stack(0x000000b996800000,0x000000b996900000)]
  0x0000027d7fbdc390 JavaThread "Finalizer" daemon [_thread_blocked, id=18060, stack(0x000000b996900000,0x000000b996a00000)]
  0x0000027d7fbe0910 JavaThread "Signal Dispatcher" daemon [_thread_blocked, id=20088, stack(0x000000b996a00000,0x000000b996b00000)]
  0x0000027d7fbe3440 JavaThread "Attach Listener" daemon [_thread_blocked, id=11152, stack(0x000000b996b00000,0x000000b996c00000)]
  0x0000027d7fbe4740 JavaThread "Service Thread" daemon [_thread_blocked, id=15064, stack(0x000000b996c00000,0x000000b996d00000)]
  0x0000027d7fbeef70 JavaThread "Monitor Deflation Thread" daemon [_thread_blocked, id=6452, stack(0x000000b996d00000,0x000000b996e00000)]
  0x0000027d7fbf05a0 JavaThread "C2 CompilerThread0" daemon [_thread_blocked, id=23912, stack(0x000000b996e00000,0x000000b996f00000)]
  0x0000027d7fbf4090 JavaThread "C1 CompilerThread0" daemon [_thread_blocked, id=23384, stack(0x000000b996f00000,0x000000b997000000)]
  0x0000027d08120060 JavaThread "Sweeper thread" daemon [_thread_blocked, id=8568, stack(0x000000b997000000,0x000000b997100000)]
  0x0000027d081e3f40 JavaThread "Common-Cleaner" daemon [_thread_blocked, id=17316, stack(0x000000b997100000,0x000000b997200000)]
  0x0000027d081e49e0 JavaThread "Monitor Ctrl-Break" daemon [_thread_in_native, id=15052, stack(0x000000b997900000,0x000000b997a00000)]
  0x0000027d081e4490 JavaThread "Notification Thread" daemon [_thread_blocked, id=15496, stack(0x000000b997a00000,0x000000b997b00000)]
  0x0000027d081e4f30 JavaThread "QuantumRenderer-0" daemon [_thread_blocked, id=15124, stack(0x000000b997c00000,0x000000b997d00000)]
  0x0000027d081e5f20 JavaThread "InvokeLaterDispatcher" daemon [_thread_blocked, id=8556, stack(0x000000b997d00000,0x000000b997e00000)]
  0x0000027d081e59d0 JavaThread "JavaFX Application Thread" [_thread_in_native, id=11224, stack(0x000000b997e00000,0x000000b997f00000)]
  0x0000027d081e2f50 JavaThread "Thread-1" daemon [_thread_in_native, id=2548, stack(0x000000b998200000,0x000000b998300000)]
  0x0000027d081e39f0 JavaThread "JavaFX-Launcher" [_thread_blocked, id=23304, stack(0x000000b998300000,0x000000b998400000)]
  0x0000027d081e34a0 JavaThread "Prism Font Disposer" daemon [_thread_blocked, id=20292, stack(0x000000b998c00000,0x000000b998d00000)]
  0x0000027d094e96e0 JavaThread "Cleaner-0" daemon [_thread_blocked, id=3840, stack(0x000000b998d00000,0x000000b998e00000)]
  0x0000027d094e8c40 JavaThread "mysql-cj-abandoned-connection-cleanup" daemon [_thread_blocked, id=19148, stack(0x000000b997500000,0x000000b997600000)]
  0x0000027d094e9c30 JavaThread "SIGINT handler" daemon [_thread_blocked, id=13700, stack(0x000000b995e00000,0x000000b995f00000)]

Other Threads:
=>0x0000027d7fbc0650 VMThread "VM Thread" [stack: 0x000000b996700000,0x000000b996800000] [id=22104]
  0x0000027d5fd2e610 WorkerThread "GC Thread#0" [stack: 0x000000b996200000,0x000000b996300000] [id=22384]
  0x0000027d0905e0f0 WorkerThread "GC Thread#1" [stack: 0x000000b998400000,0x000000b998500000] [id=10032]
  0x0000027d0905d880 WorkerThread "GC Thread#2" [stack: 0x000000b998500000,0x000000b998600000] [id=19768]
  0x0000027d0905db50 WorkerThread "GC Thread#3" [stack: 0x000000b998600000,0x000000b998700000] [id=19500]
  0x0000027d0905d5b0 WorkerThread "GC Thread#4" [stack: 0x000000b998700000,0x000000b998800000] [id=15388]
  0x0000027d0940dc50 WorkerThread "GC Thread#5" [stack: 0x000000b998800000,0x000000b998900000] [id=14580]
  0x0000027d0940ed30 WorkerThread "GC Thread#6" [stack: 0x000000b997700000,0x000000b997800000] [id=7544]
  0x0000027d0940d980 WorkerThread "GC Thread#7" [stack: 0x000000b997800000,0x000000b997900000] [id=16988]
  0x0000027d0940d110 WorkerThread "GC Thread#8" [stack: 0x000000b998e00000,0x000000b998f00000] [id=15676]
  0x0000027d0940df20 WorkerThread "GC Thread#9" [stack: 0x000000b998f00000,0x000000b999000000] [id=8392]
  0x0000027d0940e4c0 WorkerThread "GC Thread#10" [stack: 0x000000b999000000,0x000000b999100000] [id=7228]
  0x0000027d0940e790 WorkerThread "GC Thread#11" [stack: 0x000000b999100000,0x000000b999200000] [id=24280]
  0x0000027d0940fe10 WorkerThread "GC Thread#12" [stack: 0x000000b999200000,0x000000b999300000] [id=18412]
  0x0000027d5fd3f320 ConcurrentGCThread "G1 Main Marker" terminated
  0x0000027d5fd41500 WorkerThread "G1 Conc#0" [stack: 0x000000b996400000,0x000000b996500000] [id=7656]
  0x0000027d0940ea60 WorkerThread "G1 Conc#1" [stack: 0x000000b999300000,0x000000b999400000] [id=16004]
  0x0000027d0940f000 WorkerThread "G1 Conc#2" [stack: 0x000000b999400000,0x000000b999500000] [id=14600]
  0x0000027d7fa7b170 ConcurrentGCThread "G1 Refine#0" terminated
  0x0000027d7fa7cb60 ConcurrentGCThread "G1 Service" terminated

Threads with active compile tasks:
C2 CompilerThread0  
[error occurred during error reporting (printing all threads), id 0xc0000005, EXCEPTION_ACCESS_VIOLATION (0xc0000005) at pc=0x00007ff819c803b3]

VM state: at safepoint (shutting down)

VM Mutex/Monitor currently owned by a thread:  ([mutex/lock_event])
[0x0000027d5fcb8050] Threads_lock - owner thread: 0x0000027d7fbc0650
[0x0000027d5fcb7240] Heap_lock - owner thread: 0x0000027d094e9c30

Heap address: 0x0000000703e00000, size: 4034 MB, Compressed Oops mode: Zero based, Oop shift amount: 3

CDS archive(s) mapped at: [0x0000000800000000-0x0000000800c40000-0x0000000800c40000), size 12845056, SharedBaseAddress: 0x0000000800000000, ArchiveRelocationMode: 0.
Compressed class space mapped at: 0x0000000801000000-0x0000000841000000, reserved size: 1073741824
Narrow klass base: 0x0000000800000000, Narrow klass shift: 0, Narrow klass range: 0x100000000

GC Precious Log:
 CardTable entry size: 512
 Card Set container configuration: InlinePtr #cards 4 size 8 Array Of Cards #cards 16 size 48 Howl #buckets 8 coarsen threshold 3686 Howl Bitmap #cards 512 size 80 coarsen threshold 460 Card regions per heap region 1 cards per card region 4096
 CPUs: 16 total, 16 available
 Memory: 16130M
 Large Page Support: Disabled
 NUMA Support: Disabled
 Compressed Oops: Enabled (Zero based)
 Heap Region Size: 2M
 Heap Min Capacity: 8M
 Heap Initial Capacity: 254M
 Heap Max Capacity: 4034M
 Pre-touch: Disabled
 Parallel Workers: 13
 Concurrent Workers: 3
 Concurrent Refinement Workers: 13
 Periodic GC: Disabled

Heap:
 garbage-first heap   total 55296K, used 28088K [0x0000000703e00000, 0x0000000800000000)
  region size 2048K, 13 young (26624K), 4 survivors (8192K)
 Metaspace       used 24155K, committed 24448K, reserved 1114112K
  class space    used 3122K, committed 3264K, reserved 1048576K

Heap Regions: E=young(eden), S=young(survivor), O=old, HS=humongous(starts), HC=humongous(continues), CS=collection set, F=free, OA=open archive, CA=closed archive, TAMS=top-at-mark-start (previous, next)
|   0|0x0000000703e00000, 0x0000000704000000, 0x0000000704000000|100%|HS|  |TAMS 0x0000000704000000, 0x0000000703e00000| Complete 
|   1|0x0000000704000000, 0x0000000704200000, 0x0000000704200000|100%| O|  |TAMS 0x0000000704200000, 0x0000000704000000| Untracked 
|   2|0x0000000704200000, 0x0000000704237600, 0x0000000704400000| 10%| O|  |TAMS 0x0000000704237600, 0x0000000704200000| Complete 
|   3|0x0000000704400000, 0x0000000704400000, 0x0000000704600000|  0%| F|  |TAMS 0x0000000704400000, 0x0000000704400000| Untracked 
|   4|0x0000000704600000, 0x0000000704600000, 0x0000000704800000|  0%| F|  |TAMS 0x0000000704600000, 0x0000000704600000| Untracked 
|   5|0x0000000704800000, 0x0000000704800000, 0x0000000704a00000|  0%| F|  |TAMS 0x0000000704800000, 0x0000000704800000| Untracked 
|   6|0x0000000704a00000, 0x0000000704a00000, 0x0000000704c00000|  0%| F|  |TAMS 0x0000000704a00000, 0x0000000704a00000| Untracked 
|   7|0x0000000704c00000, 0x0000000704c00000, 0x0000000704e00000|  0%| F|  |TAMS 0x0000000704c00000, 0x0000000704c00000| Untracked 
|   8|0x0000000704e00000, 0x0000000704e00000, 0x0000000705000000|  0%| F|  |TAMS 0x0000000704e00000, 0x0000000704e00000| Untracked 
|   9|0x0000000705000000, 0x0000000705000000, 0x0000000705200000|  0%| F|  |TAMS 0x0000000705000000, 0x0000000705000000| Untracked 
|  10|0x0000000705200000, 0x0000000705200000, 0x0000000705400000|  0%| F|  |TAMS 0x0000000705200000, 0x0000000705200000| Untracked 
|  11|0x0000000705400000, 0x0000000705400000, 0x0000000705600000|  0%| F|  |TAMS 0x0000000705400000, 0x0000000705400000| Untracked 
|  12|0x0000000705600000, 0x0000000705600000, 0x0000000705800000|  0%| F|  |TAMS 0x0000000705600000, 0x0000000705600000| Untracked 
|  13|0x0000000705800000, 0x0000000705800000, 0x0000000705a00000|  0%| F|  |TAMS 0x0000000705800000, 0x0000000705800000| Untracked 
|  14|0x0000000705a00000, 0x0000000705b297b0, 0x0000000705c00000| 58%| E|  |TAMS 0x0000000705a00000, 0x0000000705a00000| Complete 
|  15|0x0000000705c00000, 0x0000000705e00000, 0x0000000705e00000|100%| E|CS|TAMS 0x0000000705c00000, 0x0000000705c00000| Complete 
|  16|0x0000000705e00000, 0x0000000706000000, 0x0000000706000000|100%| E|CS|TAMS 0x0000000705e00000, 0x0000000705e00000| Complete 
|  17|0x0000000706000000, 0x0000000706200000, 0x0000000706200000|100%| E|CS|TAMS 0x0000000706000000, 0x0000000706000000| Complete 
|  18|0x0000000706200000, 0x0000000706400000, 0x0000000706400000|100%| E|CS|TAMS 0x0000000706200000, 0x0000000706200000| Complete 
|  19|0x0000000706400000, 0x0000000706600000, 0x0000000706600000|100%| E|CS|TAMS 0x0000000706400000, 0x0000000706400000| Complete 
|  20|0x0000000706600000, 0x0000000706800000, 0x0000000706800000|100%| E|CS|TAMS 0x0000000706600000, 0x0000000706600000| Complete 
|  21|0x0000000706800000, 0x0000000706a00000, 0x0000000706a00000|100%| E|CS|TAMS 0x0000000706800000, 0x0000000706800000| Complete 
| 119|0x0000000712c00000, 0x0000000712d36d08, 0x0000000712e00000| 60%| S|CS|TAMS 0x0000000712c00000, 0x0000000712c00000| Complete 
| 120|0x0000000712e00000, 0x0000000713000000, 0x0000000713000000|100%| S|CS|TAMS 0x0000000712e00000, 0x0000000712e00000| Complete 
| 121|0x0000000713000000, 0x0000000713200000, 0x0000000713200000|100%| S|CS|TAMS 0x0000000713000000, 0x0000000713000000| Complete 
| 122|0x0000000713200000, 0x0000000713400000, 0x0000000713400000|100%| S|CS|TAMS 0x0000000713200000, 0x0000000713200000| Complete 
| 126|0x0000000713a00000, 0x0000000713c00000, 0x0000000713c00000|100%| E|CS|TAMS 0x0000000713a00000, 0x0000000713a00000| Complete 

Card table byte_map: [0x0000027d77c90000,0x0000027d78480000] _byte_map_base: 0x0000027d74471000

Marking Bits (Prev, Next): (CMBitMap*) 0x0000027d5fd2ec80, (CMBitMap*) 0x0000027d5fd2ec40
 Prev Bits: [0x0000027d00000000, 0x0000027d03f08000)
 Next Bits: [0x0000027d78c70000, 0x0000027d7cb78000)

Polling page: 0x0000027d5dc50000

Metaspace:

Usage:
  Non-class:     20.54 MB used.
      Class:      3.05 MB used.
       Both:     23.59 MB used.

Virtual space:
  Non-class space:       64.00 MB reserved,      20.69 MB ( 32%) committed,  1 nodes.
      Class space:        1.00 GB reserved,       3.19 MB ( <1%) committed,  1 nodes.
             Both:        1.06 GB reserved,      23.88 MB (  2%) committed. 

Chunk freelists:
   Non-Class:  2.81 MB
       Class:  787.00 KB
        Both:  3.58 MB

MaxMetaspaceSize: unlimited
CompressedClassSpaceSize: 1.00 GB
Initial GC threshold: 21.00 MB
Current GC threshold: 35.25 MB
CDS: on
MetaspaceReclaimPolicy: balanced
 - commit_granule_bytes: 65536.
 - commit_granule_words: 8192.
 - virtual_space_node_default_size: 8388608.
 - enlarge_chunks_in_place: 1.
 - new_chunks_are_fully_committed: 0.
 - uncommit_free_chunks: 1.
 - use_allocation_guard: 0.


Internal statistics:

num_allocs_failed_limit: 3.
num_arena_births: 354.
num_arena_deaths: 0.
num_vsnodes_births: 2.
num_vsnodes_deaths: 0.
num_space_committed: 382.
num_space_uncommitted: 0.
num_chunks_returned_to_freelist: 3.
num_chunks_taken_from_freelist: 1002.
num_chunk_merges: 3.
num_chunk_splits: 702.
num_chunks_enlarged: 534.
num_inconsistent_stats: 0.

CodeHeap 'non-profiled nmethods': size=119168Kb used=1470Kb max_used=1470Kb free=117697Kb
 bounds [0x0000027d6f7c0000, 0x0000027d6fa30000, 0x0000027d76c20000]
CodeHeap 'profiled nmethods': size=119104Kb used=7516Kb max_used=7516Kb free=111587Kb
 bounds [0x0000027d67c20000, 0x0000027d68380000, 0x0000027d6f070000]
CodeHeap 'non-nmethods': size=7488Kb used=1597Kb max_used=3306Kb free=5890Kb
 bounds [0x0000027d6f070000, 0x0000027d6f3b0000, 0x0000027d6f7c0000]
 total_blobs=4684 nmethods=3807 adapters=786
 compilation: enabled
              stopped_count=0, restarted_count=0
 full_count=0

Compilation events (20 events):
Event: 67.703 Thread 0x0000027d7fbf4090 nmethod 3800 0x0000027d68374810 code [0x0000027d683749e0, 0x0000027d68374dd8]
Event: 67.703 Thread 0x0000027d7fbf4090 3801       3       com.sun.prism.d3d.D3DContext::adjustClipSpace (84 bytes)
Event: 67.703 Thread 0x0000027d7fbf4090 nmethod 3801 0x0000027d68374f90 code [0x0000027d68375180, 0x0000027d68375438]
Event: 67.703 Thread 0x0000027d7fbf4090 3803       3       com.sun.javafx.sg.prism.NGRegion::getNormalizedFillRadii (43 bytes)
Event: 67.703 Thread 0x0000027d7fbf4090 nmethod 3803 0x0000027d68375610 code [0x0000027d683757e0, 0x0000027d68375d18]
Event: 67.703 Thread 0x0000027d7fbf4090 3804       1       com.sun.javafx.sg.prism.NGShape::getMode (5 bytes)
Event: 67.703 Thread 0x0000027d7fbf4090 nmethod 3804 0x0000027d6f92e690 code [0x0000027d6f92e820, 0x0000027d6f92e8f8]
Event: 68.283 Thread 0x0000027d7fbf4090 3805       3       javafx.scene.input.MouseEvent::copyFor (17 bytes)
Event: 68.284 Thread 0x0000027d7fbf4090 nmethod 3805 0x0000027d68375e90 code [0x0000027d68376040, 0x0000027d68376268]
Event: 81.736 Thread 0x0000027d7fbf4090 3806       3       jdk.internal.loader.URLClassPath$JarLoader::findResource (18 bytes)
Event: 81.736 Thread 0x0000027d7fbf4090 nmethod 3806 0x0000027d68376390 code [0x0000027d68376540, 0x0000027d68376728]
Event: 86.046 Thread 0x0000027d7fbf05a0 3807       4       com.sun.javafx.tk.quantum.QuantumToolkit::postPulse (133 bytes)
Event: 86.048 Thread 0x0000027d7fbf05a0 nmethod 3807 0x0000027d6f92e990 code [0x0000027d6f92eb40, 0x0000027d6f92ed68]
Event: 86.350 Thread 0x0000027d7fbf05a0 3808       4       com.sun.javafx.tk.quantum.QuantumToolkit$$Lambda$80/0x000000080103bde8::run (8 bytes)
Event: 86.352 Thread 0x0000027d7fbf05a0 nmethod 3808 0x0000027d6f92f010 code [0x0000027d6f92f1c0, 0x0000027d6f92f438]
Event: 106.742 Thread 0x0000027d7fbf4090 3809       3       jdk.internal.module.Resources::toPackageName (39 bytes)
Event: 106.743 Thread 0x0000027d7fbf4090 nmethod 3809 0x0000027d68376810 code [0x0000027d68376a40, 0x0000027d683770d8]
Event: 181.133 Thread 0x0000027d7fbf05a0 3810       4       java.util.concurrent.ConcurrentHashMap$Traverser::advance (188 bytes)
Event: 181.133 Thread 0x0000027d7fbf4090 3811       1       java.util.logging.LogManager$LoggerContext::getOwner (5 bytes)
Event: 181.133 Thread 0x0000027d7fbf4090 nmethod 3811 0x0000027d6f92f710 code [0x0000027d6f92f8a0, 0x0000027d6f92f978]

GC Heap History (6 events):
Event: 0.356 GC heap before
{Heap before GC invocations=0 (full 0):
 garbage-first heap   total 260096K, used 22528K [0x0000000703e00000, 0x0000000800000000)
  region size 2048K, 11 young (22528K), 0 survivors (0K)
 Metaspace       used 4983K, committed 5184K, reserved 1114112K
  class space    used 521K, committed 640K, reserved 1048576K
}
Event: 0.359 GC heap after
{Heap after GC invocations=1 (full 0):
 garbage-first heap   total 260096K, used 3051K [0x0000000703e00000, 0x0000000800000000)
  region size 2048K, 2 young (4096K), 2 survivors (4096K)
 Metaspace       used 4983K, committed 5184K, reserved 1114112K
  class space    used 521K, committed 640K, reserved 1048576K
}
Event: 1.780 GC heap before
{Heap before GC invocations=1 (full 0):
 garbage-first heap   total 260096K, used 41963K [0x0000000703e00000, 0x0000000800000000)
  region size 2048K, 20 young (40960K), 2 survivors (4096K)
 Metaspace       used 15809K, committed 16192K, reserved 1114112K
  class space    used 2019K, committed 2240K, reserved 1048576K
}
Event: 1.792 GC heap after
{Heap after GC invocations=2 (full 0):
 garbage-first heap   total 260096K, used 10461K [0x0000000703e00000, 0x0000000800000000)
  region size 2048K, 3 young (6144K), 3 survivors (6144K)
 Metaspace       used 15809K, committed 16192K, reserved 1114112K
  class space    used 2019K, committed 2240K, reserved 1048576K
}
Event: 1.962 GC heap before
{Heap before GC invocations=2 (full 0):
 garbage-first heap   total 260096K, used 16605K [0x0000000703e00000, 0x0000000800000000)
  region size 2048K, 7 young (14336K), 3 survivors (6144K)
 Metaspace       used 21195K, committed 21504K, reserved 1114112K
  class space    used 2643K, committed 2816K, reserved 1048576K
}
Event: 1.965 GC heap after
{Heap after GC invocations=3 (full 0):
 garbage-first heap   total 260096K, used 11704K [0x0000000703e00000, 0x0000000800000000)
  region size 2048K, 4 young (8192K), 4 survivors (8192K)
 Metaspace       used 21195K, committed 21504K, reserved 1114112K
  class space    used 2643K, committed 2816K, reserved 1048576K
}

Dll operation events (20 events):
Event: 0.210 Loaded shared library C:\Users\Master\.openjfx\cache\19.0.2+1\amd64\api-ms-win-crt-math-l1-1-0.dll
Event: 0.212 Loaded shared library C:\Users\Master\.openjfx\cache\19.0.2+1\amd64\api-ms-win-crt-multibyte-l1-1-0.dll
Event: 0.213 Loaded shared library C:\Users\Master\.openjfx\cache\19.0.2+1\amd64\api-ms-win-crt-private-l1-1-0.dll
Event: 0.215 Loaded shared library C:\Users\Master\.openjfx\cache\19.0.2+1\amd64\api-ms-win-crt-process-l1-1-0.dll
Event: 0.216 Loaded shared library C:\Users\Master\.openjfx\cache\19.0.2+1\amd64\api-ms-win-crt-runtime-l1-1-0.dll
Event: 0.217 Loaded shared library C:\Users\Master\.openjfx\cache\19.0.2+1\amd64\api-ms-win-crt-stdio-l1-1-0.dll
Event: 0.219 Loaded shared library C:\Users\Master\.openjfx\cache\19.0.2+1\amd64\api-ms-win-crt-string-l1-1-0.dll
Event: 0.221 Loaded shared library C:\Users\Master\.openjfx\cache\19.0.2+1\amd64\api-ms-win-crt-time-l1-1-0.dll
Event: 0.222 Loaded shared library C:\Users\Master\.openjfx\cache\19.0.2+1\amd64\api-ms-win-crt-utility-l1-1-0.dll
Event: 0.231 Loaded shared library C:\Users\Master\.openjfx\cache\19.0.2+1\amd64\ucrtbase.dll
Event: 0.234 Loaded shared library C:\Users\Master\.openjfx\cache\19.0.2+1\amd64\vcruntime140.dll
Event: 0.236 Loaded shared library C:\Users\Master\.openjfx\cache\19.0.2+1\amd64\vcruntime140_1.dll
Event: 0.241 Loaded shared library C:\Users\Master\.openjfx\cache\19.0.2+1\amd64\msvcp140.dll
Event: 0.242 Loaded shared library C:\Users\Master\.openjfx\cache\19.0.2+1\amd64\msvcp140_1.dll
Event: 0.245 Loaded shared library C:\Users\Master\.openjfx\cache\19.0.2+1\amd64\msvcp140_2.dll
Event: 0.270 Loaded shared library C:\Users\Master\.openjfx\cache\19.0.2+1\amd64\prism_d3d.dll
Event: 0.295 Loaded shared library C:\Users\Master\.openjfx\cache\19.0.2+1\amd64\glass.dll
Event: 0.368 Loaded shared library C:\Users\Master\.jdks\openjdk-19.0.2\bin\jimage.dll
Event: 0.463 Loaded shared library C:\Users\Master\.openjfx\cache\19.0.2+1\amd64\javafx_font.dll
Event: 1.902 Loaded shared library C:\Users\Master\.jdks\openjdk-19.0.2\bin\sunmscapi.dll

Deoptimization events (20 events):
Event: 2.068 Thread 0x0000027d081e4f30 DEOPT PACKING pc=0x0000027d6f882380 sp=0x000000b997cfdbb0
Event: 2.068 Thread 0x0000027d081e4f30 DEOPT UNPACKING pc=0x0000027d6f0da5a3 sp=0x000000b997cfdab8 mode 2
Event: 2.072 Thread 0x0000027d081e4f30 DEOPT PACKING pc=0x0000027d6816813a sp=0x000000b997cfdb50
Event: 2.072 Thread 0x0000027d081e4f30 DEOPT UNPACKING pc=0x0000027d6f0db0e3 sp=0x000000b997cfcfa8 mode 0
Event: 2.072 Thread 0x0000027d081e4f30 DEOPT PACKING pc=0x0000027d6816813a sp=0x000000b997cfdb50
Event: 2.072 Thread 0x0000027d081e4f30 DEOPT UNPACKING pc=0x0000027d6f0db0e3 sp=0x000000b997cfcfa8 mode 0
Event: 2.073 Thread 0x0000027d081e4f30 DEOPT PACKING pc=0x0000027d6816813a sp=0x000000b997cfdb50
Event: 2.073 Thread 0x0000027d081e4f30 DEOPT UNPACKING pc=0x0000027d6f0db0e3 sp=0x000000b997cfcfa8 mode 0
Event: 2.073 Thread 0x0000027d081e4f30 DEOPT PACKING pc=0x0000027d6816813a sp=0x000000b997cfdb50
Event: 2.073 Thread 0x0000027d081e4f30 DEOPT UNPACKING pc=0x0000027d6f0db0e3 sp=0x000000b997cfcfa8 mode 0
Event: 2.073 Thread 0x0000027d081e4f30 DEOPT PACKING pc=0x0000027d6816813a sp=0x000000b997cfdb50
Event: 2.073 Thread 0x0000027d081e4f30 DEOPT UNPACKING pc=0x0000027d6f0db0e3 sp=0x000000b997cfcfa8 mode 0
Event: 12.366 Thread 0x0000027d081e4f30 DEOPT PACKING pc=0x0000027d681aee03 sp=0x000000b997cfdea0
Event: 12.366 Thread 0x0000027d081e4f30 DEOPT UNPACKING pc=0x0000027d6f0db0e3 sp=0x000000b997cfd2c0 mode 0
Event: 14.031 Thread 0x0000027d081e4f30 DEOPT PACKING pc=0x0000027d68170042 sp=0x000000b997cfde50
Event: 14.031 Thread 0x0000027d081e4f30 DEOPT UNPACKING pc=0x0000027d6f0db0e3 sp=0x000000b997cfd2e0 mode 0
Event: 27.109 Thread 0x0000027d081e4f30 DEOPT PACKING pc=0x0000027d682168d9 sp=0x000000b997cfdc70
Event: 27.109 Thread 0x0000027d081e4f30 DEOPT UNPACKING pc=0x0000027d6f0db0e3 sp=0x000000b997cfd0a8 mode 0
Event: 30.298 Thread 0x0000027d081e4f30 DEOPT PACKING pc=0x0000027d682163ca sp=0x000000b997cfdc70
Event: 30.298 Thread 0x0000027d081e4f30 DEOPT UNPACKING pc=0x0000027d6f0db0e3 sp=0x000000b997cfd0a8 mode 0

Classes loaded (20 events):
Event: 5.509 Loading class sun/text/resources/BreakIteratorResources
Event: 5.509 Loading class sun/util/resources/BreakIteratorResourceBundle
Event: 5.509 Loading class sun/util/resources/BreakIteratorResourceBundle done
Event: 5.509 Loading class sun/text/resources/BreakIteratorResources done
Event: 5.509 Loading class sun/text/RuleBasedBreakIterator
Event: 5.509 Loading class sun/text/RuleBasedBreakIterator done
Event: 5.510 Loading class sun/text/CompactByteArray
Event: 5.510 Loading class sun/text/CompactByteArray done
Event: 5.510 Loading class sun/text/SupplementaryCharacterData
Event: 5.510 Loading class sun/text/SupplementaryCharacterData done
Event: 5.510 Loading class java/text/BreakIterator$BreakIteratorCache
Event: 5.510 Loading class java/text/BreakIterator$BreakIteratorCache done
Event: 6.501 Loading class java/io/StringReader
Event: 6.501 Loading class java/io/StringReader done
Event: 6.501 Loading class java/io/PushbackReader
Event: 6.501 Loading class java/io/FilterReader
Event: 6.501 Loading class java/io/FilterReader done
Event: 6.501 Loading class java/io/PushbackReader done
Event: 181.131 Loading class jdk/internal/misc/Signal$1
Event: 181.131 Loading class jdk/internal/misc/Signal$1 done

Classes unloaded (0 events):
No events

Classes redefined (0 events):
No events

Internal exceptions (20 events):
Event: 1.567 Thread 0x0000027d081e59d0 Exception <a 'java/lang/NoSuchMethodError'{0x000000071189e8f8}: 'long java.lang.invoke.DirectMethodHandle$Holder.invokeStaticInit(java.lang.Object, java.lang.Object, java.lang.Object)'> (0x000000071189e8f8) 
thrown [s\open\src\hotspot\share\interpreter\linkResolver.cpp, line 774]
Event: 1.568 Thread 0x0000027d081e59d0 Exception <a 'java/lang/NoSuchMethodError'{0x00000007118b6ca0}: 'java.lang.Object java.lang.invoke.DirectMethodHandle$Holder.newInvokeSpecial(java.lang.Object, java.lang.Object, long)'> (0x00000007118b6ca0) 
thrown [s\open\src\hotspot\share\interpreter\linkResolver.cpp, line 774]
Event: 1.568 Thread 0x0000027d081e59d0 Exception <a 'java/lang/NoSuchMethodError'{0x00000007118ba828}: 'java.lang.Object java.lang.invoke.Invokers$Holder.linkToTargetMethod(java.lang.Object, long, java.lang.Object)'> (0x00000007118ba828) 
thrown [s\open\src\hotspot\share\interpreter\linkResolver.cpp, line 774]
Event: 1.714 Thread 0x0000027d081e59d0 Exception <a 'sun/nio/fs/WindowsException'{0x00000007119d0010}> (0x00000007119d0010) 
thrown [s\open\src\hotspot\share\prims\jni.cpp, line 517]
Event: 1.727 Thread 0x0000027d081e59d0 Exception <a 'java/lang/NoSuchMethodError'{0x0000000711690580}: 'java.lang.Object java.lang.invoke.DirectMethodHandle$Holder.invokeInterface(java.lang.Object, java.lang.Object)'> (0x0000000711690580) 
thrown [s\open\src\hotspot\share\interpreter\linkResolver.cpp, line 774]
Event: 1.729 Thread 0x0000027d081e59d0 Exception <a 'sun/nio/fs/WindowsException'{0x000000071169a568}> (0x000000071169a568) 
thrown [s\open\src\hotspot\share\prims\jni.cpp, line 517]
Event: 1.729 Thread 0x0000027d081e59d0 Exception <a 'sun/nio/fs/WindowsException'{0x000000071169c6d0}> (0x000000071169c6d0) 
thrown [s\open\src\hotspot\share\prims\jni.cpp, line 517]
Event: 1.735 Thread 0x0000027d081e59d0 Exception <a 'sun/nio/fs/WindowsException'{0x00000007116f6cd8}> (0x00000007116f6cd8) 
thrown [s\open\src\hotspot\share\prims\jni.cpp, line 517]
Event: 1.735 Thread 0x0000027d081e59d0 Exception <a 'sun/nio/fs/WindowsException'{0x00000007116f8a98}> (0x00000007116f8a98) 
thrown [s\open\src\hotspot\share\prims\jni.cpp, line 517]
Event: 1.737 Thread 0x0000027d081e59d0 Exception <a 'java/lang/NoSuchMethodError'{0x00000007117075e0}: 'java.lang.Object java.lang.invoke.DirectMethodHandle$Holder.invokeVirtual(java.lang.Object, java.lang.Object, java.lang.Object)'> (0x00000007117075e0) 
thrown [s\open\src\hotspot\share\interpreter\linkResolver.cpp, line 774]
Event: 1.777 Thread 0x0000027d081e59d0 Exception <a 'sun/nio/fs/WindowsException'{0x00000007115fb0c0}> (0x00000007115fb0c0) 
thrown [s\open\src\hotspot\share\prims\jni.cpp, line 517]
Event: 1.826 Thread 0x0000027d081e59d0 Exception <a 'sun/nio/fs/WindowsException'{0x000000071395a1e0}> (0x000000071395a1e0) 
thrown [s\open\src\hotspot\share\prims\jni.cpp, line 517]
Event: 1.843 Thread 0x0000027d081e59d0 Exception <a 'sun/nio/fs/WindowsException'{0x0000000713649770}> (0x0000000713649770) 
thrown [s\open\src\hotspot\share\prims\jni.cpp, line 517]
Event: 1.845 Thread 0x0000027d081e59d0 Exception <a 'sun/nio/fs/WindowsException'{0x000000071365e318}> (0x000000071365e318) 
thrown [s\open\src\hotspot\share\prims\jni.cpp, line 517]
Event: 1.862 Thread 0x0000027d081e59d0 Exception <a 'java/lang/NoSuchMethodError'{0x0000000713712e10}: 'java.lang.Object java.lang.invoke.DirectMethodHandle$Holder.invokeStaticInit(java.lang.Object, int, int, int, int)'> (0x0000000713712e10) 
thrown [s\open\src\hotspot\share\interpreter\linkResolver.cpp, line 774]
Event: 1.892 Thread 0x0000027d081e59d0 Exception <a 'java/lang/NoSuchMethodError'{0x0000000713780b48}: 'java.lang.Object java.lang.invoke.DirectMethodHandle$Holder.invokeStaticInit(java.lang.Object, java.lang.Object, int, int, int, int)'> (0x0000000713780b48) 
thrown [s\open\src\hotspot\share\interpreter\linkResolver.cpp, line 774]
Event: 2.006 Thread 0x0000027d081e59d0 Exception <a 'java/lang/ClassNotFoundException'{0x000000070661f938}: com/sun/javafx/scene/control/skin/resources/controls> (0x000000070661f938) 
thrown [s\open\src\hotspot\share\prims\jni.cpp, line 536]
Event: 2.007 Thread 0x0000027d081e59d0 Exception <a 'java/lang/ClassNotFoundException'{0x000000070662d9e8}: com/sun/javafx/scene/control/skin/resources/controls_ru> (0x000000070662d9e8) 
thrown [s\open\src\hotspot\share\prims\jni.cpp, line 536]
Event: 2.007 Thread 0x0000027d081e59d0 Exception <a 'java/lang/ClassNotFoundException'{0x000000070662ec68}: com/sun/javafx/scene/control/skin/resources/controls_ru_RU> (0x000000070662ec68) 
thrown [s\open\src\hotspot\share\prims\jni.cpp, line 536]
Event: 2.020 Thread 0x0000027d081e59d0 Exception <a 'java/lang/NoSuchMethodError'{0x00000007067a1270}: 'void java.lang.invoke.DirectMethodHandle$Holder.invokeSpecial(java.lang.Object, java.lang.Object, java.lang.Object, java.lang.Object, java.lang.Object, java.lang.Object)'> (0x00000007067a1270) 
thrown [s\open\src\hotspot\share\interpreter\linkResolver.cpp, line 774]

VM Operations (20 events):
Event: 19.985 Executing VM operation: Cleanup done
Event: 25.990 Executing VM operation: Cleanup
Event: 25.991 Executing VM operation: Cleanup done
Event: 26.991 Executing VM operation: Cleanup
Event: 26.992 Executing VM operation: Cleanup done
Event: 27.992 Executing VM operation: Cleanup
Event: 27.993 Executing VM operation: Cleanup done
Event: 30.994 Executing VM operation: Cleanup
Event: 30.995 Executing VM operation: Cleanup done
Event: 67.024 Executing VM operation: Cleanup
Event: 67.025 Executing VM operation: Cleanup done
Event: 68.026 Executing VM operation: Cleanup
Event: 68.026 Executing VM operation: Cleanup done
Event: 70.026 Executing VM operation: Cleanup
Event: 70.027 Executing VM operation: Cleanup done
Event: 78.033 Executing VM operation: Cleanup
Event: 78.033 Executing VM operation: Cleanup done
Event: 80.034 Executing VM operation: Cleanup
Event: 80.034 Executing VM operation: Cleanup done
Event: 181.134 Executing VM operation: Exit

Events (20 events):
Event: 1.012 Thread 0x0000027d0827cd80 Thread exited: 0x0000027d0827cd80
Event: 1.717 Thread 0x0000027d094e8c40 Thread added: 0x0000027d094e8c40
Event: 1.735 Thread 0x0000027d0864bce0 Thread added: 0x0000027d0864bce0
Event: 2.155 Thread 0x0000027d0864bce0 Thread exited: 0x0000027d0864bce0
Event: 6.527 Thread 0x0000027d0864b1c0 Thread added: 0x0000027d0864b1c0
Event: 8.401 Thread 0x0000027d0864b1c0 Thread exited: 0x0000027d0864b1c0
Event: 10.414 Thread 0x0000027d0827c800 Thread exited: 0x0000027d0827c800
Event: 10.545 Thread 0x0000027d0827bfe0 Thread exited: 0x0000027d0827bfe0
Event: 14.936 Thread 0x0000027d08240a40 Thread exited: 0x0000027d08240a40
Event: 15.372 Thread 0x0000027d0864d8b0 Thread added: 0x0000027d0864d8b0
Event: 16.446 Thread 0x0000027d0864d8b0 Thread exited: 0x0000027d0864d8b0
Event: 27.109 Thread 0x0000027d0864c270 Thread added: 0x0000027d0864c270
Event: 30.296 Thread 0x0000027d0864c270 Thread exited: 0x0000027d0864c270
Event: 30.299 Thread 0x0000027d0864bce0 Thread added: 0x0000027d0864bce0
Event: 35.099 Thread 0x0000027d0864bce0 Thread exited: 0x0000027d0864bce0
Event: 181.132 Thread 0x0000027d094e9c30 Thread added: 0x0000027d094e9c30
Event: 181.133 Thread 0x0000027d094e9190 Thread added: 0x0000027d094e9190
Event: 181.133 Thread 0x0000027d094ea180 Thread added: 0x0000027d094ea180
Event: 181.133 Thread 0x0000027d094ea180 Thread exited: 0x0000027d094ea180
Event: 181.134 Thread 0x0000027d094e9190 Thread exited: 0x0000027d094e9190


Dynamic libraries:
0x00007ff6472a0000 - 0x00007ff6472ae000 	C:\Users\Master\.jdks\openjdk-19.0.2\bin\java.exe
0x00007ff88c2b0000 - 0x00007ff88c4a8000 	C:\Windows\SYSTEM32\ntdll.dll
0x00007ff88b9f0000 - 0x00007ff88baad000 	C:\Windows\System32\KERNEL32.DLL
0x00007ff889bd0000 - 0x00007ff889ec6000 	C:\Windows\System32\KERNELBASE.dll
0x00007ff88a030000 - 0x00007ff88a130000 	C:\Windows\System32\ucrtbase.dll
0x00007ff86d880000 - 0x00007ff86d897000 	C:\Users\Master\.jdks\openjdk-19.0.2\bin\jli.dll
0x00007ff86d860000 - 0x00007ff86d87b000 	C:\Users\Master\.jdks\openjdk-19.0.2\bin\VCRUNTIME140.dll
0x00007ff88bee0000 - 0x00007ff88c07e000 	C:\Windows\System32\USER32.dll
0x00007ff889b70000 - 0x00007ff889b92000 	C:\Windows\System32\win32u.dll
0x00007ff88ab40000 - 0x00007ff88ab6c000 	C:\Windows\System32\GDI32.dll
0x00007ff86e670000 - 0x00007ff86e90a000 	C:\Windows\WinSxS\amd64_microsoft.windows.common-controls_6595b64144ccf1df_6.0.19041.1110_none_60b5254171f9507e\COMCTL32.dll
0x00007ff88a130000 - 0x00007ff88a24a000 	C:\Windows\System32\gdi32full.dll
0x00007ff88a4b0000 - 0x00007ff88a54e000 	C:\Windows\System32\msvcrt.dll
0x00007ff889a80000 - 0x00007ff889b1d000 	C:\Windows\System32\msvcp_win.dll
0x00007ff88b6d0000 - 0x00007ff88b700000 	C:\Windows\System32\IMM32.DLL
0x00007ff87cff0000 - 0x00007ff87cffc000 	C:\Users\Master\.jdks\openjdk-19.0.2\bin\vcruntime140_1.dll
0x00007ff86d7d0000 - 0x00007ff86d85e000 	C:\Users\Master\.jdks\openjdk-19.0.2\bin\msvcp140.dll
0x00007ff819470000 - 0x00007ff81a130000 	C:\Users\Master\.jdks\openjdk-19.0.2\bin\server\jvm.dll
0x00007ff88b800000 - 0x00007ff88b8ae000 	C:\Windows\System32\ADVAPI32.dll
0x00007ff88a2e0000 - 0x00007ff88a37c000 	C:\Windows\System32\sechost.dll
0x00007ff88c110000 - 0x00007ff88c236000 	C:\Windows\System32\RPCRT4.dll
0x00007ff87db20000 - 0x00007ff87db2a000 	C:\Windows\SYSTEM32\VERSION.dll
0x00007ff862950000 - 0x00007ff862959000 	C:\Windows\SYSTEM32\WSOCK32.dll
0x00007ff86d370000 - 0x00007ff86d397000 	C:\Windows\SYSTEM32\WINMM.dll
0x00007ff88aa70000 - 0x00007ff88aadb000 	C:\Windows\System32\WS2_32.dll
0x00007ff888180000 - 0x00007ff888192000 	C:\Windows\SYSTEM32\kernel.appcore.dll
0x00007ff87cf30000 - 0x00007ff87cf3a000 	C:\Users\Master\.jdks\openjdk-19.0.2\bin\jimage.dll
0x00007ff887530000 - 0x00007ff887714000 	C:\Windows\SYSTEM32\DBGHELP.DLL
0x00007ff87d950000 - 0x00007ff87d984000 	C:\Windows\SYSTEM32\dbgcore.DLL
0x00007ff88a250000 - 0x00007ff88a2d2000 	C:\Windows\System32\bcryptPrimitives.dll
0x00007ff87cf10000 - 0x00007ff87cf1e000 	C:\Users\Master\.jdks\openjdk-19.0.2\bin\instrument.dll
0x00007ff86d7a0000 - 0x00007ff86d7c6000 	C:\Users\Master\.jdks\openjdk-19.0.2\bin\java.dll
0x00007ff86d6c0000 - 0x00007ff86d797000 	C:\Users\Master\.jdks\openjdk-19.0.2\bin\jsvml.dll
0x00007ff88abd0000 - 0x00007ff88b315000 	C:\Windows\System32\SHELL32.dll
0x00007ff887720000 - 0x00007ff887ebb000 	C:\Windows\SYSTEM32\windows.storage.dll
0x00007ff88bab0000 - 0x00007ff88be04000 	C:\Windows\System32\combase.dll
0x00007ff8893a0000 - 0x00007ff8893ce000 	C:\Windows\SYSTEM32\Wldp.dll
0x00007ff88a550000 - 0x00007ff88a5fd000 	C:\Windows\System32\SHCORE.dll
0x00007ff88b710000 - 0x00007ff88b765000 	C:\Windows\System32\shlwapi.dll
0x00007ff889890000 - 0x00007ff8898b5000 	C:\Windows\SYSTEM32\profapi.dll
0x00007ff86d680000 - 0x00007ff86d693000 	C:\Users\Master\.jdks\openjdk-19.0.2\bin\net.dll
0x00007ff880c00000 - 0x00007ff880d0a000 	C:\Windows\SYSTEM32\WINHTTP.dll
0x00007ff889100000 - 0x00007ff88916a000 	C:\Windows\system32\mswsock.dll
0x00007ff86d640000 - 0x00007ff86d656000 	C:\Users\Master\.jdks\openjdk-19.0.2\bin\nio.dll
0x00007ff86d610000 - 0x00007ff86d628000 	C:\Users\Master\.jdks\openjdk-19.0.2\bin\zip.dll
0x00007ff86d470000 - 0x00007ff86d48a000 	D:\IntelliJ IDEA 2023.2.1\bin\breakgen64.dll
0x0000027d03f30000 - 0x0000027d03f33000 	C:\Users\Master\.openjfx\cache\19.0.2+1\amd64\api-ms-win-core-console-l1-1-0.dll
0x0000027d03f40000 - 0x0000027d03f43000 	C:\Users\Master\.openjfx\cache\19.0.2+1\amd64\api-ms-win-core-console-l1-2-0.dll
0x0000027d03f50000 - 0x0000027d03f53000 	C:\Users\Master\.openjfx\cache\19.0.2+1\amd64\api-ms-win-core-datetime-l1-1-0.dll
0x0000027d03f60000 - 0x0000027d03f63000 	C:\Users\Master\.openjfx\cache\19.0.2+1\amd64\api-ms-win-core-debug-l1-1-0.dll
0x0000027d03f70000 - 0x0000027d03f73000 	C:\Users\Master\.openjfx\cache\19.0.2+1\amd64\api-ms-win-core-errorhandling-l1-1-0.dll
0x0000027d03f80000 - 0x0000027d03f84000 	C:\Users\Master\.openjfx\cache\19.0.2+1\amd64\api-ms-win-core-file-l1-1-0.dll
0x0000027d03f90000 - 0x0000027d03f93000 	C:\Users\Master\.openjfx\cache\19.0.2+1\amd64\api-ms-win-core-file-l1-2-0.dll
0x0000027d03fa0000 - 0x0000027d03fa3000 	C:\Users\Master\.openjfx\cache\19.0.2+1\amd64\api-ms-win-core-file-l2-1-0.dll
0x0000027d03fb0000 - 0x0000027d03fb3000 	C:\Users\Master\.openjfx\cache\19.0.2+1\amd64\api-ms-win-core-handle-l1-1-0.dll
0x0000027d03fc0000 - 0x0000027d03fc3000 	C:\Users\Master\.openjfx\cache\19.0.2+1\amd64\api-ms-win-core-heap-l1-1-0.dll
0x0000027d03fd0000 - 0x0000027d03fd3000 	C:\Users\Master\.openjfx\cache\19.0.2+1\amd64\api-ms-win-core-interlocked-l1-1-0.dll
0x0000027d03fe0000 - 0x0000027d03fe3000 	C:\Users\Master\.openjfx\cache\19.0.2+1\amd64\api-ms-win-core-libraryloader-l1-1-0.dll
0x0000027d03ff0000 - 0x0000027d03ff3000 	C:\Users\Master\.openjfx\cache\19.0.2+1\amd64\api-ms-win-core-localization-l1-2-0.dll
0x0000027d09ce0000 - 0x0000027d09ce3000 	C:\Users\Master\.openjfx\cache\19.0.2+1\amd64\api-ms-win-core-memory-l1-1-0.dll
0x0000027d09cf0000 - 0x0000027d09cf3000 	C:\Users\Master\.openjfx\cache\19.0.2+1\amd64\api-ms-win-core-namedpipe-l1-1-0.dll
0x0000027d09d00000 - 0x0000027d09d03000 	C:\Users\Master\.openjfx\cache\19.0.2+1\amd64\api-ms-win-core-processenvironment-l1-1-0.dll
0x0000027d09d10000 - 0x0000027d09d13000 	C:\Users\Master\.openjfx\cache\19.0.2+1\amd64\api-ms-win-core-processthreads-l1-1-0.dll
0x0000027d09d20000 - 0x0000027d09d23000 	C:\Users\Master\.openjfx\cache\19.0.2+1\amd64\api-ms-win-core-processthreads-l1-1-1.dll
0x0000027d09d30000 - 0x0000027d09d33000 	C:\Users\Master\.openjfx\cache\19.0.2+1\amd64\api-ms-win-core-profile-l1-1-0.dll
0x0000027d09d40000 - 0x0000027d09d43000 	C:\Users\Master\.openjfx\cache\19.0.2+1\amd64\api-ms-win-core-rtlsupport-l1-1-0.dll
0x0000027d09d50000 - 0x0000027d09d53000 	C:\Users\Master\.openjfx\cache\19.0.2+1\amd64\api-ms-win-core-string-l1-1-0.dll
0x0000027d09d60000 - 0x0000027d09d63000 	C:\Users\Master\.openjfx\cache\19.0.2+1\amd64\api-ms-win-core-synch-l1-1-0.dll
0x0000027d09d70000 - 0x0000027d09d73000 	C:\Users\Master\.openjfx\cache\19.0.2+1\amd64\api-ms-win-core-synch-l1-2-0.dll
0x0000027d09d80000 - 0x0000027d09d83000 	C:\Users\Master\.openjfx\cache\19.0.2+1\amd64\api-ms-win-core-sysinfo-l1-1-0.dll
0x0000027d09d90000 - 0x0000027d09d93000 	C:\Users\Master\.openjfx\cache\19.0.2+1\amd64\api-ms-win-core-timezone-l1-1-0.dll
0x0000027d09da0000 - 0x0000027d09da3000 	C:\Users\Master\.openjfx\cache\19.0.2+1\amd64\api-ms-win-core-util-l1-1-0.dll
0x0000027d09db0000 - 0x0000027d09db3000 	C:\Users\Master\.openjfx\cache\19.0.2+1\amd64\api-ms-win-crt-conio-l1-1-0.dll
0x0000027d09dc0000 - 0x0000027d09dc4000 	C:\Users\Master\.openjfx\cache\19.0.2+1\amd64\api-ms-win-crt-convert-l1-1-0.dll
0x0000027d09dd0000 - 0x0000027d09dd3000 	C:\Users\Master\.openjfx\cache\19.0.2+1\amd64\api-ms-win-crt-environment-l1-1-0.dll
0x0000027d09de0000 - 0x0000027d09de3000 	C:\Users\Master\.openjfx\cache\19.0.2+1\amd64\api-ms-win-crt-filesystem-l1-1-0.dll
0x0000027d09df0000 - 0x0000027d09df3000 	C:\Users\Master\.openjfx\cache\19.0.2+1\amd64\api-ms-win-crt-heap-l1-1-0.dll
0x0000027d09e00000 - 0x0000027d09e03000 	C:\Users\Master\.openjfx\cache\19.0.2+1\amd64\api-ms-win-crt-locale-l1-1-0.dll
0x0000027d09e10000 - 0x0000027d09e15000 	C:\Users\Master\.openjfx\cache\19.0.2+1\amd64\api-ms-win-crt-math-l1-1-0.dll
0x0000027d09e20000 - 0x0000027d09e25000 	C:\Users\Master\.openjfx\cache\19.0.2+1\amd64\api-ms-win-crt-multibyte-l1-1-0.dll
0x0000027d09e30000 - 0x0000027d09e40000 	C:\Users\Master\.openjfx\cache\19.0.2+1\amd64\api-ms-win-crt-private-l1-1-0.dll
0x0000027d09e40000 - 0x0000027d09e43000 	C:\Users\Master\.openjfx\cache\19.0.2+1\amd64\api-ms-win-crt-process-l1-1-0.dll
0x0000027d09e50000 - 0x0000027d09e54000 	C:\Users\Master\.openjfx\cache\19.0.2+1\amd64\api-ms-win-crt-runtime-l1-1-0.dll
0x0000027d09e60000 - 0x0000027d09e64000 	C:\Users\Master\.openjfx\cache\19.0.2+1\amd64\api-ms-win-crt-stdio-l1-1-0.dll
0x0000027d09e70000 - 0x0000027d09e74000 	C:\Users\Master\.openjfx\cache\19.0.2+1\amd64\api-ms-win-crt-string-l1-1-0.dll
0x0000027d09e80000 - 0x0000027d09e83000 	C:\Users\Master\.openjfx\cache\19.0.2+1\amd64\api-ms-win-crt-time-l1-1-0.dll
0x0000027d09e90000 - 0x0000027d09e93000 	C:\Users\Master\.openjfx\cache\19.0.2+1\amd64\api-ms-win-crt-utility-l1-1-0.dll
0x00007ff8476b0000 - 0x00007ff8477ac000 	C:\Users\Master\.openjfx\cache\19.0.2+1\amd64\ucrtbase.dll
0x00007ff86cf40000 - 0x00007ff86cf5b000 	C:\Users\Master\.openjfx\cache\19.0.2+1\amd64\vcruntime140.dll
0x00007ff86cf30000 - 0x00007ff86cf3c000 	C:\Users\Master\.openjfx\cache\19.0.2+1\amd64\vcruntime140_1.dll
0x00007ff85ba70000 - 0x00007ff85bafe000 	C:\Users\Master\.openjfx\cache\19.0.2+1\amd64\msvcp140.dll
0x00007ff86cf10000 - 0x00007ff86cf19000 	C:\Users\Master\.openjfx\cache\19.0.2+1\amd64\msvcp140_1.dll
0x00007ff86ced0000 - 0x00007ff86cf00000 	C:\Users\Master\.openjfx\cache\19.0.2+1\amd64\msvcp140_2.dll
0x00007ff85dc90000 - 0x00007ff85dcbc000 	C:\Users\Master\.openjfx\cache\19.0.2+1\amd64\prism_d3d.dll
0x00007ff85faf0000 - 0x00007ff85fcbd000 	C:\Windows\system32\d3d9.dll
0x00007ff886ea0000 - 0x00007ff886ecf000 	C:\Windows\SYSTEM32\dwmapi.dll
0x00007ff883300000 - 0x00007ff88339e000 	C:\Windows\system32\uxtheme.dll
0x00007ff80ee30000 - 0x00007ff80efd2000 	C:\Windows\System32\DriverStore\FileRepository\iigd_dch.inf_amd64_2bb98dc788e1ff31\igdumdim64.dll
0x00007ff88a380000 - 0x00007ff88a4aa000 	C:\Windows\System32\ole32.dll
0x00007fffdaa20000 - 0x00007fffde630000 	C:\Windows\System32\DriverStore\FileRepository\iigd_dch.inf_amd64_2bb98dc788e1ff31\igd9dxva64.dll
0x00007ff88be10000 - 0x00007ff88bedd000 	C:\Windows\System32\OLEAUT32.dll
0x00007ff88a600000 - 0x00007ff88aa6e000 	C:\Windows\System32\SETUPAPI.dll
0x00007ff889b20000 - 0x00007ff889b6e000 	C:\Windows\System32\cfgmgr32.dll
0x00007ff889ba0000 - 0x00007ff889bc7000 	C:\Windows\System32\bcrypt.dll
0x00007ff873a90000 - 0x00007ff873e57000 	C:\Windows\System32\DriverStore\FileRepository\iigd_dch.inf_amd64_2bb98dc788e1ff31\igdgmm64.dll
0x00007ff8565a0000 - 0x00007ff8565e2000 	C:\Users\Master\.openjfx\cache\19.0.2+1\amd64\glass.dll
0x00007ff88b4d0000 - 0x00007ff88b5aa000 	C:\Windows\System32\COMDLG32.dll
0x00007ff88b5b0000 - 0x00007ff88b6c4000 	C:\Windows\System32\MSCTF.dll
0x00007ff825470000 - 0x00007ff825497000 	C:\Windows\System32\DriverStore\FileRepository\iigd_dch.inf_amd64_2bb98dc788e1ff31\igdinfo64.dll
0x00007ff868c20000 - 0x00007ff86c1d2000 	C:\Windows\System32\DriverStore\FileRepository\iigd_dch.inf_amd64_2bb98dc788e1ff31\igc64.dll
0x00007ff8757a0000 - 0x00007ff8757db000 	C:\Windows\SYSTEM32\dxcore.dll
0x00007ff85dd10000 - 0x00007ff85dd24000 	C:\Users\Master\.openjfx\cache\19.0.2+1\amd64\javafx_font.dll
0x00007ff863800000 - 0x00007ff863a7f000 	C:\Windows\SYSTEM32\dwrite.dll
0x00007ff88b8b0000 - 0x00007ff88b959000 	C:\Windows\System32\clbcatq.dll
0x00007ff879560000 - 0x00007ff879714000 	C:\Windows\SYSTEM32\WindowsCodecs.dll
0x00007ff8517e0000 - 0x00007ff85181e000 	C:\Windows\system32\dataexchange.dll
0x00007ff882a60000 - 0x00007ff882c43000 	C:\Windows\system32\dcomp.dll
0x00007ff881d50000 - 0x00007ff881fb3000 	C:\Windows\system32\d3d11.dll
0x00007ff8881f0000 - 0x00007ff8882e3000 	C:\Windows\system32\dxgi.dll
0x00007ff87e2d0000 - 0x00007ff87e4d7000 	C:\Windows\system32\twinapi.appcore.dll
0x00007ff85dde0000 - 0x00007ff85de14000 	C:\Program Files\Common Files\Microsoft Shared\Ink\rtscom.dll
0x00007ff870ba0000 - 0x00007ff870c9a000 	C:\Windows\SYSTEM32\textinputframework.dll
0x00007ff882c50000 - 0x00007ff882fae000 	C:\Windows\System32\CoreUIComponents.dll
0x00007ff882fb0000 - 0x00007ff8830a2000 	C:\Windows\System32\CoreMessaging.dll
0x00007ff888ac0000 - 0x00007ff888af3000 	C:\Windows\SYSTEM32\ntmarta.dll
0x00007ff882580000 - 0x00007ff8826d5000 	C:\Windows\SYSTEM32\wintypes.dll
0x00007ff888de0000 - 0x00007ff888eaa000 	C:\Windows\SYSTEM32\DNSAPI.dll
0x00007ff888da0000 - 0x00007ff888ddb000 	C:\Windows\SYSTEM32\IPHLPAPI.DLL

dbghelp: loaded successfully - version: 4.0.5 - missing functions: none
symbol engine: initialized successfully - sym options: 0x614 - pdb path: .;C:\Users\Master\.jdks\openjdk-19.0.2\bin;C:\Windows\SYSTEM32;C:\Windows\WinSxS\amd64_microsoft.windows.common-controls_6595b64144ccf1df_6.0.19041.1110_none_60b5254171f9507e;C:\Users\Master\.jdks\openjdk-19.0.2\bin\server;D:\IntelliJ IDEA 2023.2.1\bin;C:\Users\Master\.openjfx\cache\19.0.2+1\amd64;C:\Windows\System32\DriverStore\FileRepository\iigd_dch.inf_amd64_2bb98dc788e1ff31;C:\Program Files\Common Files\Microsoft Shared\Ink

VM Arguments:
jvm_args: -javaagent:D:\IntelliJ IDEA 2023.2.1\lib\idea_rt.jar=34479:D:\IntelliJ IDEA 2023.2.1\bin -Dfile.encoding=UTF-8 -Dsun.stdout.encoding=UTF-8 -Dsun.stderr.encoding=UTF-8 --module-path=C:\Users\Master\IdeaProjects\calorieCounter\target\classes;C:\Users\Master\.m2\repository\org\openjfx\javafx-controls\19.0.2\javafx-controls-19.0.2-win.jar;C:\Users\Master\.m2\repository\org\openjfx\javafx-fxml\19.0.2\javafx-fxml-19.0.2-win.jar;C:\Users\Master\.m2\repository\org\openjfx\javafx-base\19.0.2\javafx-base-19.0.2-win.jar;C:\Users\Master\.m2\repository\org\openjfx\javafx-graphics\19.0.2\javafx-graphics-19.0.2-win.jar -Djdk.module.main=com.example.caloriecounter 
java_command: com.example.caloriecounter/com.example.caloriecounter.HelloApplication
java_class_path (initial): C:\Users\Master\.m2\repository\org\openjfx\javafx-controls\19.0.2\javafx-controls-19.0.2.jar;C:\Users\Master\.m2\repository\org\openjfx\javafx-graphics\19.0.2\javafx-graphics-19.0.2.jar;C:\Users\Master\.m2\repository\org\openjfx\javafx-base\19.0.2\javafx-base-19.0.2.jar;C:\Users\Master\.m2\repository\org\openjfx\javafx-fxml\19.0.2\javafx-fxml-19.0.2.jar;C:\Users\Master\.m2\repository\com\mysql\mysql-connector-j\8.0.33\mysql-connector-j-8.0.33.jar;C:\Users\Master\.m2\repository\com\google\protobuf\protobuf-java\3.21.9\protobuf-java-3.21.9.jar
Launcher Type: SUN_STANDARD

[Global flags]
     intx CICompilerCount                          = 12                                        {product} {ergonomic}
     uint ConcGCThreads                            = 3                                         {product} {ergonomic}
     uint G1ConcRefinementThreads                  = 13                                        {product} {ergonomic}
   size_t G1HeapRegionSize                         = 2097152                                   {product} {ergonomic}
    uintx GCDrainStackTargetSize                   = 64                                        {product} {ergonomic}
   size_t InitialHeapSize                          = 266338304                                 {product} {ergonomic}
   size_t MarkStackSize                            = 4194304                                   {product} {ergonomic}
   size_t MaxHeapSize                              = 4229955584                                {product} {ergonomic}
   size_t MaxNewSize                               = 2537553920                                {product} {ergonomic}
   size_t MinHeapDeltaBytes                        = 2097152                                   {product} {ergonomic}
   size_t MinHeapSize                              = 8388608                                   {product} {ergonomic}
    uintx NonNMethodCodeHeapSize                   = 7602480                                {pd product} {ergonomic}
    uintx NonProfiledCodeHeapSize                  = 122027880                              {pd product} {ergonomic}
    uintx ProfiledCodeHeapSize                     = 122027880                              {pd product} {ergonomic}
    uintx ReservedCodeCacheSize                    = 251658240                              {pd product} {ergonomic}
     bool SegmentedCodeCache                       = true                                      {product} {ergonomic}
   size_t SoftMaxHeapSize                          = 4229955584                             {manageable} {ergonomic}
     bool UseCompressedClassPointers               = true                           {product lp64_product} {ergonomic}
     bool UseCompressedOops                        = true                           {product lp64_product} {ergonomic}
     bool UseG1GC                                  = true                                      {product} {ergonomic}
     bool UseLargePagesIndividualAllocation        = false                                  {pd product} {ergonomic}

Logging:
Log output configuration:
 #0: stdout all=off uptime,level,tags foldmultilines=false
 #1: stderr all=off uptime,level,tags foldmultilines=false

Environment Variables:
PATH=;C:\Program Files\Common Files\Oracle\Java\javapath;C:\Program Files (x86)\Common Files\Oracle\Java\javapath;C:\ProgramData\Oracle\Java\javapath;C:\Windows\system32;C:\Windows;C:\Windows\System32\Wbem;C:\Windows\System32\WindowsPowerShell\v1.0\;C:\Windows\System32\OpenSSH\;C:\MinGW\bin;C:\Program Files\Microsoft SQL Server\Client SDK\ODBC\170\Tools\Binn\;C:\Program Files\Microsoft SQL Server\150\Tools\Binn\;C:\Program Files (x86)\dotnet\;C:\Program Files (x86)\NVIDIA Corporation\PhysX\Common;C:\Program Files\dotnet\;C:\Program Files\MySQL\MySQL Shell 8.0\bin\;C:\Users\Master\AppData\Local\Microsoft\WindowsApps;;D:\\Microsoft VS Code\bin
USERNAME=Master
OS=Windows_NT
PROCESSOR_IDENTIFIER=Intel64 Family 6 Model 141 Stepping 1, GenuineIntel
TMP=C:\Users\Master\AppData\Local\Temp
TEMP=C:\Users\Master\AppData\Local\Temp



---------------  S Y S T E M  ---------------

OS:
 Windows 10 , 64 bit Build 19041 (10.0.19041.3393)
OS uptime: 2 days 1:52 hours

CPU: total 16 (initial active 16) (8 cores per cpu, 2 threads per core) family 6 model 141 stepping 1 microcode 0x3e, cx8, cmov, fxsr, ht, mmx, 3dnowpref, sse, sse2, sse3, ssse3, sse4.1, sse4.2, popcnt, lzcnt, tsc, tscinvbit, avx, avx2, aes, erms, clmul, bmi1, bmi2, adx, avx512f, avx512dq, avx512cd, avx512bw, avx512vl, sha, fma, vzeroupper, avx512_vpopcntdq, avx512_vpclmulqdq, avx512_vaes, avx512_vnni, clflush, clflushopt, clwb, avx512_vbmi2, avx512_vbmi, rdtscp, rdpid, fsrm, gfni, avx512_bitalg

Memory: 4k page, system-wide physical 16130M (5302M free)
TotalPageFile size 19586M (AvailPageFile size 5184M)
current process WorkingSet (physical memory assigned to process): 171M, peak: 195M
current process commit charge ("private bytes"): 241M, peak: 443M

vm_info: OpenJDK 64-Bit Server VM (19.0.2+7-44) for windows-amd64 JRE (19.0.2+7-44), built on 2022-11-30T18:02:09Z by "mach5one" with MS VC++ 17.1 (VS2022)

END.
